<?xml version="1.0" encoding="UTF-8"?>
<testsuite xmlns:xsi="http://www.w3.org/2001/XMLSchema-instance" xsi:noNamespaceSchemaLocation="https://maven.apache.org/surefire/maven-surefire-plugin/xsd/surefire-test-report.xsd" version="3.0.2" name="br.com.erudio.unittests.mapper.ObjectMapperTests" time="0.15" tests="4" errors="0" skipped="0" failures="0">
  <properties>
[...]
</properties>
  <testcase name="parserDTOListToEntityListTest" classname="br.com.erudio.unittests.mapper.ObjectMapperTests" time="0.135">
    <system-out><![CDATA[13:55:02.625 [main] INFO com.github.dozermapper.core.util.RuntimeUtils -- OSGi support is false
13:55:02.629 [main] INFO com.github.dozermapper.core.DozerBeanMapperBuilder -- Initializing Dozer. Version: 7.0.0, Thread Name: main
13:55:02.631 [main] INFO com.github.dozermapper.core.config.resolvers.LegacyPropertiesSettingsResolver -- Trying to find Dozer configuration file: dozer.properties
13:55:02.632 [main] INFO com.github.dozermapper.core.config.resolvers.LegacyPropertiesSettingsResolver -- Failed to find dozer.properties via com.github.dozermapper.core.config.resolvers.LegacyPropertiesSettingsResolver.
13:55:02.635 [main] INFO com.github.dozermapper.core.el.ELExpressionFactory -- jakarta.el is not supported; Failed to resolve ExpressionFactory, com.sun.el.ExpressionFactoryImpl
]]></system-out>
  </testcase>
  <testcase name="parseEntityToDTOTest" classname="br.com.erudio.unittests.mapper.ObjectMapperTests" time="0.004"/>
  <testcase name="parseDTOToEntityTest" classname="br.com.erudio.unittests.mapper.ObjectMapperTests" time="0.001"/>
  <testcase name="parseEntityListToDTOListTest" classname="br.com.erudio.unittests.mapper.ObjectMapperTests" time="0.002"/>
</testsuite>